02-Aug-2023 14:44:04.667 INFORMAÇÕES [main] org.apache.catalina.startup.VersionLoggerListener.log Server version name:   Apache Tomcat/9.0.63
02-Aug-2023 14:44:04.699 INFORMAÇÕES [main] org.apache.catalina.startup.VersionLoggerListener.log Server built:          May 11 2022 07:52:11 UTC
02-Aug-2023 14:44:04.699 INFORMAÇÕES [main] org.apache.catalina.startup.VersionLoggerListener.log Server version number: 9.0.63.0
02-Aug-2023 14:44:04.699 INFORMAÇÕES [main] org.apache.catalina.startup.VersionLoggerListener.log OS Name:               Windows 11
02-Aug-2023 14:44:04.699 INFORMAÇÕES [main] org.apache.catalina.startup.VersionLoggerListener.log OS Version:            10.0
02-Aug-2023 14:44:04.699 INFORMAÇÕES [main] org.apache.catalina.startup.VersionLoggerListener.log Architecture:          amd64
02-Aug-2023 14:44:04.699 INFORMAÇÕES [main] org.apache.catalina.startup.VersionLoggerListener.log Java Home:             C:\Program Files\Java\jdk1.8.0_341\jre
02-Aug-2023 14:44:04.700 INFORMAÇÕES [main] org.apache.catalina.startup.VersionLoggerListener.log JVM Version:           1.8.0_341-b10
02-Aug-2023 14:44:04.700 INFORMAÇÕES [main] org.apache.catalina.startup.VersionLoggerListener.log JVM Vendor:            Oracle Corporation
02-Aug-2023 14:44:04.700 INFORMAÇÕES [main] org.apache.catalina.startup.VersionLoggerListener.log CATALINA_BASE:         C:\Users\Pichau\Desktop\Facul\teste\Arthur\apache-tomcat-9.0.63-windows-x64 (1)\apache-tomcat-9.0.63
02-Aug-2023 14:44:04.700 INFORMAÇÕES [main] org.apache.catalina.startup.VersionLoggerListener.log CATALINA_HOME:         C:\Users\Pichau\Desktop\Facul\teste\Arthur\apache-tomcat-9.0.63-windows-x64 (1)\apache-tomcat-9.0.63
02-Aug-2023 14:44:04.701 INFORMAÇÕES [main] org.apache.catalina.startup.VersionLoggerListener.log Command line argument: -Djava.util.logging.config.file=C:\Users\Pichau\Desktop\Facul\teste\Arthur\apache-tomcat-9.0.63-windows-x64 (1)\apache-tomcat-9.0.63\conf\logging.properties
02-Aug-2023 14:44:04.701 INFORMAÇÕES [main] org.apache.catalina.startup.VersionLoggerListener.log Command line argument: -Djava.util.logging.manager=org.apache.juli.ClassLoaderLogManager
02-Aug-2023 14:44:04.701 INFORMAÇÕES [main] org.apache.catalina.startup.VersionLoggerListener.log Command line argument: -Dhttp.nonProxyHosts=localhost|127.0.0.1|GabrielMaia
02-Aug-2023 14:44:04.701 INFORMAÇÕES [main] org.apache.catalina.startup.VersionLoggerListener.log Command line argument: -Djdk.tls.ephemeralDHKeySize=2048
02-Aug-2023 14:44:04.701 INFORMAÇÕES [main] org.apache.catalina.startup.VersionLoggerListener.log Command line argument: -Djava.protocol.handler.pkgs=org.apache.catalina.webresources
02-Aug-2023 14:44:04.701 INFORMAÇÕES [main] org.apache.catalina.startup.VersionLoggerListener.log Command line argument: -Dignore.endorsed.dirs=
02-Aug-2023 14:44:04.701 INFORMAÇÕES [main] org.apache.catalina.startup.VersionLoggerListener.log Command line argument: -Dcatalina.base=C:\Users\Pichau\Desktop\Facul\teste\Arthur\apache-tomcat-9.0.63-windows-x64 (1)\apache-tomcat-9.0.63
02-Aug-2023 14:44:04.703 INFORMAÇÕES [main] org.apache.catalina.startup.VersionLoggerListener.log Command line argument: -Dcatalina.home=C:\Users\Pichau\Desktop\Facul\teste\Arthur\apache-tomcat-9.0.63-windows-x64 (1)\apache-tomcat-9.0.63
02-Aug-2023 14:44:04.703 INFORMAÇÕES [main] org.apache.catalina.startup.VersionLoggerListener.log Command line argument: -Djava.io.tmpdir=C:\Users\Pichau\Desktop\Facul\teste\Arthur\apache-tomcat-9.0.63-windows-x64 (1)\apache-tomcat-9.0.63\temp
02-Aug-2023 14:44:04.762 INFORMAÇÕES [main] org.apache.catalina.core.AprLifecycleListener.lifecycleEvent Loaded Apache Tomcat Native library [1.2.33] using APR version [1.7.0].
02-Aug-2023 14:44:04.762 INFORMAÇÕES [main] org.apache.catalina.core.AprLifecycleListener.lifecycleEvent APR capabilities: IPv6 [true], sendfile [true], accept filters [false], random [true], UDS [true].
02-Aug-2023 14:44:04.763 INFORMAÇÕES [main] org.apache.catalina.core.AprLifecycleListener.lifecycleEvent APR/OpenSSL configuration: useAprConnector [false], useOpenSSL [true]
02-Aug-2023 14:44:04.770 INFORMAÇÕES [main] org.apache.catalina.core.AprLifecycleListener.initializeSSL OpenSSL successfully initialized [OpenSSL 1.1.1o  3 May 2022]
02-Aug-2023 14:44:06.329 INFORMAÇÕES [main] org.apache.coyote.AbstractProtocol.init Initializing ProtocolHandler ["http-nio-8080"]
02-Aug-2023 14:44:06.352 INFORMAÇÕES [main] org.apache.catalina.startup.Catalina.load Server initialization in [1888] milliseconds
02-Aug-2023 14:44:06.393 INFORMAÇÕES [main] org.apache.catalina.core.StandardService.startInternal Starting service [Catalina]
02-Aug-2023 14:44:06.393 INFORMAÇÕES [main] org.apache.catalina.core.StandardEngine.startInternal Starting Servlet engine: [Apache Tomcat/9.0.63]
02-Aug-2023 14:44:06.403 INFORMAÇÕES [main] org.apache.catalina.startup.HostConfig.deployDescriptor Deploying deployment descriptor [C:\Users\Pichau\Desktop\Facul\teste\Arthur\apache-tomcat-9.0.63-windows-x64 (1)\apache-tomcat-9.0.63\conf\Catalina\localhost\Biblioteca.xml]
02-Aug-2023 14:44:06.423 ADVERTÊNCIA [main] org.apache.catalina.startup.HostConfig.deployDescriptor The path attribute with value [/Biblioteca] in deployment descriptor [C:\Users\Pichau\Desktop\Facul\teste\Arthur\apache-tomcat-9.0.63-windows-x64 (1)\apache-tomcat-9.0.63\conf\Catalina\localhost\Biblioteca.xml] has been ignored
02-Aug-2023 14:44:06.481 GRAVE [main] org.apache.catalina.startup.HostConfig.deployDescriptor Error deploying deployment descriptor [C:\Users\Pichau\Desktop\Facul\teste\Arthur\apache-tomcat-9.0.63-windows-x64 (1)\apache-tomcat-9.0.63\conf\Catalina\localhost\Biblioteca.xml]
	java.lang.IllegalStateException: Error starting child
		at org.apache.catalina.core.ContainerBase.addChildInternal(ContainerBase.java:729)
		at org.apache.catalina.core.ContainerBase.addChild(ContainerBase.java:698)
		at org.apache.catalina.core.StandardHost.addChild(StandardHost.java:696)
		at org.apache.catalina.startup.HostConfig.deployDescriptor(HostConfig.java:690)
		at org.apache.catalina.startup.HostConfig$DeployDescriptor.run(HostConfig.java:1889)
		at java.util.concurrent.Executors$RunnableAdapter.call(Executors.java:511)
		at java.util.concurrent.FutureTask.run(FutureTask.java:266)
		at org.apache.tomcat.util.threads.InlineExecutorService.execute(InlineExecutorService.java:75)
		at java.util.concurrent.AbstractExecutorService.submit(AbstractExecutorService.java:112)
		at org.apache.catalina.startup.HostConfig.deployDescriptors(HostConfig.java:583)
		at org.apache.catalina.startup.HostConfig.deployApps(HostConfig.java:473)
		at org.apache.catalina.startup.HostConfig.start(HostConfig.java:1618)
		at org.apache.catalina.startup.HostConfig.lifecycleEvent(HostConfig.java:319)
		at org.apache.catalina.util.LifecycleBase.fireLifecycleEvent(LifecycleBase.java:123)
		at org.apache.catalina.util.LifecycleBase.setStateInternal(LifecycleBase.java:423)
		at org.apache.catalina.util.LifecycleBase.setState(LifecycleBase.java:366)
		at org.apache.catalina.core.ContainerBase.startInternal(ContainerBase.java:946)
		at org.apache.catalina.core.StandardHost.startInternal(StandardHost.java:835)
		at org.apache.catalina.util.LifecycleBase.start(LifecycleBase.java:183)
		at org.apache.catalina.core.ContainerBase$StartChild.call(ContainerBase.java:1396)
		at org.apache.catalina.core.ContainerBase$StartChild.call(ContainerBase.java:1386)
		at java.util.concurrent.FutureTask.run(FutureTask.java:266)
		at org.apache.tomcat.util.threads.InlineExecutorService.execute(InlineExecutorService.java:75)
		at java.util.concurrent.AbstractExecutorService.submit(AbstractExecutorService.java:134)
		at org.apache.catalina.core.ContainerBase.startInternal(ContainerBase.java:919)
		at org.apache.catalina.core.StandardEngine.startInternal(StandardEngine.java:263)
		at org.apache.catalina.util.LifecycleBase.start(LifecycleBase.java:183)
		at org.apache.catalina.core.StandardService.startInternal(StandardService.java:432)
		at org.apache.catalina.util.LifecycleBase.start(LifecycleBase.java:183)
		at org.apache.catalina.core.StandardServer.startInternal(StandardServer.java:927)
		at org.apache.catalina.util.LifecycleBase.start(LifecycleBase.java:183)
		at org.apache.catalina.startup.Catalina.start(Catalina.java:772)
		at sun.reflect.NativeMethodAccessorImpl.invoke0(Native Method)
		at sun.reflect.NativeMethodAccessorImpl.invoke(NativeMethodAccessorImpl.java:62)
		at sun.reflect.DelegatingMethodAccessorImpl.invoke(DelegatingMethodAccessorImpl.java:43)
		at java.lang.reflect.Method.invoke(Method.java:498)
		at org.apache.catalina.startup.Bootstrap.start(Bootstrap.java:345)
		at org.apache.catalina.startup.Bootstrap.main(Bootstrap.java:476)
	Caused by: org.apache.catalina.LifecycleException: Failed to start component [org.apache.catalina.webresources.StandardRoot@71623278]
		at org.apache.catalina.util.LifecycleBase.handleSubClassException(LifecycleBase.java:440)
		at org.apache.catalina.util.LifecycleBase.start(LifecycleBase.java:198)
		at org.apache.catalina.core.StandardContext.resourcesStart(StandardContext.java:4885)
		at org.apache.catalina.core.StandardContext.startInternal(StandardContext.java:5023)
		at org.apache.catalina.util.LifecycleBase.start(LifecycleBase.java:183)
		at org.apache.catalina.core.ContainerBase.addChildInternal(ContainerBase.java:726)
		... 37 more
	Caused by: java.lang.IllegalArgumentException: The main resource set specified [C:\Users\Pichau\Desktop\Facul\Arthur\Projeto\build\web] is not valid
		at org.apache.catalina.webresources.StandardRoot.createMainResourceSet(StandardRoot.java:762)
		at org.apache.catalina.webresources.StandardRoot.startInternal(StandardRoot.java:719)
		at org.apache.catalina.util.LifecycleBase.start(LifecycleBase.java:183)
		... 41 more
02-Aug-2023 14:44:06.543 INFORMAÇÕES [main] org.apache.catalina.startup.HostConfig.deployDescriptor Deployment of deployment descriptor [C:\Users\Pichau\Desktop\Facul\teste\Arthur\apache-tomcat-9.0.63-windows-x64 (1)\apache-tomcat-9.0.63\conf\Catalina\localhost\Biblioteca.xml] has finished in [136] ms
02-Aug-2023 14:44:06.544 INFORMAÇÕES [main] org.apache.catalina.startup.HostConfig.deployDirectory Diretório de instalação da aplicação web [C:\Users\Pichau\Desktop\Facul\teste\Arthur\apache-tomcat-9.0.63-windows-x64 (1)\apache-tomcat-9.0.63\webapps\docs]
02-Aug-2023 14:44:07.005 ADVERTÊNCIA [main] org.apache.catalina.util.SessionIdGeneratorBase.createSecureRandom Creation of SecureRandom instance for session ID generation using [SHA1PRNG] took [178] milliseconds.
02-Aug-2023 14:44:07.027 INFORMAÇÕES [main] org.apache.catalina.startup.HostConfig.deployDirectory Deployment of web application directory [C:\Users\Pichau\Desktop\Facul\teste\Arthur\apache-tomcat-9.0.63-windows-x64 (1)\apache-tomcat-9.0.63\webapps\docs] has finished in [483] ms
02-Aug-2023 14:44:07.028 INFORMAÇÕES [main] org.apache.catalina.startup.HostConfig.deployDirectory Diretório de instalação da aplicação web [C:\Users\Pichau\Desktop\Facul\teste\Arthur\apache-tomcat-9.0.63-windows-x64 (1)\apache-tomcat-9.0.63\webapps\examples]
02-Aug-2023 14:44:08.057 INFORMAÇÕES [main] org.apache.catalina.startup.HostConfig.deployDirectory Deployment of web application directory [C:\Users\Pichau\Desktop\Facul\teste\Arthur\apache-tomcat-9.0.63-windows-x64 (1)\apache-tomcat-9.0.63\webapps\examples] has finished in [1.029] ms
02-Aug-2023 14:44:08.058 INFORMAÇÕES [main] org.apache.catalina.startup.HostConfig.deployDirectory Diretório de instalação da aplicação web [C:\Users\Pichau\Desktop\Facul\teste\Arthur\apache-tomcat-9.0.63-windows-x64 (1)\apache-tomcat-9.0.63\webapps\host-manager]
02-Aug-2023 14:44:08.125 INFORMAÇÕES [main] org.apache.catalina.startup.HostConfig.deployDirectory Deployment of web application directory [C:\Users\Pichau\Desktop\Facul\teste\Arthur\apache-tomcat-9.0.63-windows-x64 (1)\apache-tomcat-9.0.63\webapps\host-manager] has finished in [67] ms
02-Aug-2023 14:44:08.125 INFORMAÇÕES [main] org.apache.catalina.startup.HostConfig.deployDirectory Diretório de instalação da aplicação web [C:\Users\Pichau\Desktop\Facul\teste\Arthur\apache-tomcat-9.0.63-windows-x64 (1)\apache-tomcat-9.0.63\webapps\manager]
02-Aug-2023 14:44:08.177 INFORMAÇÕES [main] org.apache.catalina.startup.HostConfig.deployDirectory Deployment of web application directory [C:\Users\Pichau\Desktop\Facul\teste\Arthur\apache-tomcat-9.0.63-windows-x64 (1)\apache-tomcat-9.0.63\webapps\manager] has finished in [51] ms
02-Aug-2023 14:44:08.177 INFORMAÇÕES [main] org.apache.catalina.startup.HostConfig.deployDirectory Diretório de instalação da aplicação web [C:\Users\Pichau\Desktop\Facul\teste\Arthur\apache-tomcat-9.0.63-windows-x64 (1)\apache-tomcat-9.0.63\webapps\ROOT]
02-Aug-2023 14:44:08.216 INFORMAÇÕES [main] org.apache.catalina.startup.HostConfig.deployDirectory Deployment of web application directory [C:\Users\Pichau\Desktop\Facul\teste\Arthur\apache-tomcat-9.0.63-windows-x64 (1)\apache-tomcat-9.0.63\webapps\ROOT] has finished in [39] ms
02-Aug-2023 14:44:08.222 INFORMAÇÕES [main] org.apache.coyote.AbstractProtocol.start Starting ProtocolHandler ["http-nio-8080"]
02-Aug-2023 14:44:08.252 INFORMAÇÕES [main] org.apache.catalina.startup.Catalina.start Server startup in [1899] milliseconds
02-Aug-2023 14:45:54.211 INFORMAÇÕES [main] org.apache.catalina.core.StandardServer.await A valid shutdown command was received via the shutdown port. Stopping the Server instance.
02-Aug-2023 14:45:54.211 INFORMAÇÕES [main] org.apache.coyote.AbstractProtocol.pause Pausing ProtocolHandler ["http-nio-8080"]
02-Aug-2023 14:45:54.364 INFORMAÇÕES [main] org.apache.catalina.core.StandardService.stopInternal Stopping service [Catalina]
02-Aug-2023 14:45:54.388 INFORMAÇÕES [main] org.apache.coyote.AbstractProtocol.stop Stopping ProtocolHandler ["http-nio-8080"]
02-Aug-2023 14:45:54.406 INFORMAÇÕES [main] org.apache.coyote.AbstractProtocol.destroy Destroying ProtocolHandler ["http-nio-8080"]
02-Aug-2023 21:32:01.797 INFORMAÇÕES [main] org.apache.catalina.startup.VersionLoggerListener.log Server version name:   Apache Tomcat/9.0.63
02-Aug-2023 21:32:01.801 INFORMAÇÕES [main] org.apache.catalina.startup.VersionLoggerListener.log Server built:          May 11 2022 07:52:11 UTC
02-Aug-2023 21:32:01.801 INFORMAÇÕES [main] org.apache.catalina.startup.VersionLoggerListener.log Server version number: 9.0.63.0
02-Aug-2023 21:32:01.801 INFORMAÇÕES [main] org.apache.catalina.startup.VersionLoggerListener.log OS Name:               Windows 11
02-Aug-2023 21:32:01.801 INFORMAÇÕES [main] org.apache.catalina.startup.VersionLoggerListener.log OS Version:            10.0
02-Aug-2023 21:32:01.801 INFORMAÇÕES [main] org.apache.catalina.startup.VersionLoggerListener.log Architecture:          amd64
02-Aug-2023 21:32:01.801 INFORMAÇÕES [main] org.apache.catalina.startup.VersionLoggerListener.log Java Home:             C:\Program Files\Java\jdk1.8.0_341\jre
02-Aug-2023 21:32:01.801 INFORMAÇÕES [main] org.apache.catalina.startup.VersionLoggerListener.log JVM Version:           1.8.0_341-b10
02-Aug-2023 21:32:01.801 INFORMAÇÕES [main] org.apache.catalina.startup.VersionLoggerListener.log JVM Vendor:            Oracle Corporation
02-Aug-2023 21:32:01.801 INFORMAÇÕES [main] org.apache.catalina.startup.VersionLoggerListener.log CATALINA_BASE:         C:\Users\Pichau\Desktop\Facul\teste\Arthur\apache-tomcat-9.0.63-windows-x64 (1)\apache-tomcat-9.0.63
02-Aug-2023 21:32:01.801 INFORMAÇÕES [main] org.apache.catalina.startup.VersionLoggerListener.log CATALINA_HOME:         C:\Users\Pichau\Desktop\Facul\teste\Arthur\apache-tomcat-9.0.63-windows-x64 (1)\apache-tomcat-9.0.63
02-Aug-2023 21:32:01.804 INFORMAÇÕES [main] org.apache.catalina.startup.VersionLoggerListener.log Command line argument: -Djava.util.logging.config.file=C:\Users\Pichau\Desktop\Facul\teste\Arthur\apache-tomcat-9.0.63-windows-x64 (1)\apache-tomcat-9.0.63\conf\logging.properties
02-Aug-2023 21:32:01.804 INFORMAÇÕES [main] org.apache.catalina.startup.VersionLoggerListener.log Command line argument: -Djava.util.logging.manager=org.apache.juli.ClassLoaderLogManager
02-Aug-2023 21:32:01.804 INFORMAÇÕES [main] org.apache.catalina.startup.VersionLoggerListener.log Command line argument: -Dhttp.nonProxyHosts=localhost|127.0.0.1|GabrielMaia
02-Aug-2023 21:32:01.804 INFORMAÇÕES [main] org.apache.catalina.startup.VersionLoggerListener.log Command line argument: -Djdk.tls.ephemeralDHKeySize=2048
02-Aug-2023 21:32:01.804 INFORMAÇÕES [main] org.apache.catalina.startup.VersionLoggerListener.log Command line argument: -Djava.protocol.handler.pkgs=org.apache.catalina.webresources
02-Aug-2023 21:32:01.804 INFORMAÇÕES [main] org.apache.catalina.startup.VersionLoggerListener.log Command line argument: -Dignore.endorsed.dirs=
02-Aug-2023 21:32:01.804 INFORMAÇÕES [main] org.apache.catalina.startup.VersionLoggerListener.log Command line argument: -Dcatalina.base=C:\Users\Pichau\Desktop\Facul\teste\Arthur\apache-tomcat-9.0.63-windows-x64 (1)\apache-tomcat-9.0.63
02-Aug-2023 21:32:01.804 INFORMAÇÕES [main] org.apache.catalina.startup.VersionLoggerListener.log Command line argument: -Dcatalina.home=C:\Users\Pichau\Desktop\Facul\teste\Arthur\apache-tomcat-9.0.63-windows-x64 (1)\apache-tomcat-9.0.63
02-Aug-2023 21:32:01.804 INFORMAÇÕES [main] org.apache.catalina.startup.VersionLoggerListener.log Command line argument: -Djava.io.tmpdir=C:\Users\Pichau\Desktop\Facul\teste\Arthur\apache-tomcat-9.0.63-windows-x64 (1)\apache-tomcat-9.0.63\temp
02-Aug-2023 21:32:01.809 INFORMAÇÕES [main] org.apache.catalina.core.AprLifecycleListener.lifecycleEvent Loaded Apache Tomcat Native library [1.2.33] using APR version [1.7.0].
02-Aug-2023 21:32:01.809 INFORMAÇÕES [main] org.apache.catalina.core.AprLifecycleListener.lifecycleEvent APR capabilities: IPv6 [true], sendfile [true], accept filters [false], random [true], UDS [true].
02-Aug-2023 21:32:01.809 INFORMAÇÕES [main] org.apache.catalina.core.AprLifecycleListener.lifecycleEvent APR/OpenSSL configuration: useAprConnector [false], useOpenSSL [true]
02-Aug-2023 21:32:01.822 INFORMAÇÕES [main] org.apache.catalina.core.AprLifecycleListener.initializeSSL OpenSSL successfully initialized [OpenSSL 1.1.1o  3 May 2022]
02-Aug-2023 21:32:02.271 INFORMAÇÕES [main] org.apache.coyote.AbstractProtocol.init Initializing ProtocolHandler ["http-nio-8080"]
02-Aug-2023 21:32:02.295 INFORMAÇÕES [main] org.apache.catalina.startup.Catalina.load Server initialization in [712] milliseconds
02-Aug-2023 21:32:02.346 INFORMAÇÕES [main] org.apache.catalina.core.StandardService.startInternal Starting service [Catalina]
02-Aug-2023 21:32:02.346 INFORMAÇÕES [main] org.apache.catalina.core.StandardEngine.startInternal Starting Servlet engine: [Apache Tomcat/9.0.63]
02-Aug-2023 21:32:02.357 INFORMAÇÕES [main] org.apache.catalina.startup.HostConfig.deployDescriptor Deploying deployment descriptor [C:\Users\Pichau\Desktop\Facul\teste\Arthur\apache-tomcat-9.0.63-windows-x64 (1)\apache-tomcat-9.0.63\conf\Catalina\localhost\Biblioteca.xml]
02-Aug-2023 21:32:02.375 ADVERTÊNCIA [main] org.apache.catalina.startup.HostConfig.deployDescriptor The path attribute with value [/Biblioteca] in deployment descriptor [C:\Users\Pichau\Desktop\Facul\teste\Arthur\apache-tomcat-9.0.63-windows-x64 (1)\apache-tomcat-9.0.63\conf\Catalina\localhost\Biblioteca.xml] has been ignored
02-Aug-2023 21:32:02.414 GRAVE [main] org.apache.catalina.startup.HostConfig.deployDescriptor Error deploying deployment descriptor [C:\Users\Pichau\Desktop\Facul\teste\Arthur\apache-tomcat-9.0.63-windows-x64 (1)\apache-tomcat-9.0.63\conf\Catalina\localhost\Biblioteca.xml]
	java.lang.IllegalStateException: Error starting child
		at org.apache.catalina.core.ContainerBase.addChildInternal(ContainerBase.java:729)
		at org.apache.catalina.core.ContainerBase.addChild(ContainerBase.java:698)
		at org.apache.catalina.core.StandardHost.addChild(StandardHost.java:696)
		at org.apache.catalina.startup.HostConfig.deployDescriptor(HostConfig.java:690)
		at org.apache.catalina.startup.HostConfig$DeployDescriptor.run(HostConfig.java:1889)
		at java.util.concurrent.Executors$RunnableAdapter.call(Executors.java:511)
		at java.util.concurrent.FutureTask.run(FutureTask.java:266)
		at org.apache.tomcat.util.threads.InlineExecutorService.execute(InlineExecutorService.java:75)
		at java.util.concurrent.AbstractExecutorService.submit(AbstractExecutorService.java:112)
		at org.apache.catalina.startup.HostConfig.deployDescriptors(HostConfig.java:583)
		at org.apache.catalina.startup.HostConfig.deployApps(HostConfig.java:473)
		at org.apache.catalina.startup.HostConfig.start(HostConfig.java:1618)
		at org.apache.catalina.startup.HostConfig.lifecycleEvent(HostConfig.java:319)
		at org.apache.catalina.util.LifecycleBase.fireLifecycleEvent(LifecycleBase.java:123)
		at org.apache.catalina.util.LifecycleBase.setStateInternal(LifecycleBase.java:423)
		at org.apache.catalina.util.LifecycleBase.setState(LifecycleBase.java:366)
		at org.apache.catalina.core.ContainerBase.startInternal(ContainerBase.java:946)
		at org.apache.catalina.core.StandardHost.startInternal(StandardHost.java:835)
		at org.apache.catalina.util.LifecycleBase.start(LifecycleBase.java:183)
		at org.apache.catalina.core.ContainerBase$StartChild.call(ContainerBase.java:1396)
		at org.apache.catalina.core.ContainerBase$StartChild.call(ContainerBase.java:1386)
		at java.util.concurrent.FutureTask.run(FutureTask.java:266)
		at org.apache.tomcat.util.threads.InlineExecutorService.execute(InlineExecutorService.java:75)
		at java.util.concurrent.AbstractExecutorService.submit(AbstractExecutorService.java:134)
		at org.apache.catalina.core.ContainerBase.startInternal(ContainerBase.java:919)
		at org.apache.catalina.core.StandardEngine.startInternal(StandardEngine.java:263)
		at org.apache.catalina.util.LifecycleBase.start(LifecycleBase.java:183)
		at org.apache.catalina.core.StandardService.startInternal(StandardService.java:432)
		at org.apache.catalina.util.LifecycleBase.start(LifecycleBase.java:183)
		at org.apache.catalina.core.StandardServer.startInternal(StandardServer.java:927)
		at org.apache.catalina.util.LifecycleBase.start(LifecycleBase.java:183)
		at org.apache.catalina.startup.Catalina.start(Catalina.java:772)
		at sun.reflect.NativeMethodAccessorImpl.invoke0(Native Method)
		at sun.reflect.NativeMethodAccessorImpl.invoke(NativeMethodAccessorImpl.java:62)
		at sun.reflect.DelegatingMethodAccessorImpl.invoke(DelegatingMethodAccessorImpl.java:43)
		at java.lang.reflect.Method.invoke(Method.java:498)
		at org.apache.catalina.startup.Bootstrap.start(Bootstrap.java:345)
		at org.apache.catalina.startup.Bootstrap.main(Bootstrap.java:476)
	Caused by: org.apache.catalina.LifecycleException: Failed to start component [org.apache.catalina.webresources.StandardRoot@71623278]
		at org.apache.catalina.util.LifecycleBase.handleSubClassException(LifecycleBase.java:440)
		at org.apache.catalina.util.LifecycleBase.start(LifecycleBase.java:198)
		at org.apache.catalina.core.StandardContext.resourcesStart(StandardContext.java:4885)
		at org.apache.catalina.core.StandardContext.startInternal(StandardContext.java:5023)
		at org.apache.catalina.util.LifecycleBase.start(LifecycleBase.java:183)
		at org.apache.catalina.core.ContainerBase.addChildInternal(ContainerBase.java:726)
		... 37 more
	Caused by: java.lang.IllegalArgumentException: The main resource set specified [C:\Users\Pichau\Desktop\Facul\Arthur\Projeto\build\web] is not valid
		at org.apache.catalina.webresources.StandardRoot.createMainResourceSet(StandardRoot.java:762)
		at org.apache.catalina.webresources.StandardRoot.startInternal(StandardRoot.java:719)
		at org.apache.catalina.util.LifecycleBase.start(LifecycleBase.java:183)
		... 41 more
02-Aug-2023 21:32:02.446 INFORMAÇÕES [main] org.apache.catalina.startup.HostConfig.deployDescriptor Deployment of deployment descriptor [C:\Users\Pichau\Desktop\Facul\teste\Arthur\apache-tomcat-9.0.63-windows-x64 (1)\apache-tomcat-9.0.63\conf\Catalina\localhost\Biblioteca.xml] has finished in [85] ms
02-Aug-2023 21:32:02.447 INFORMAÇÕES [main] org.apache.catalina.startup.HostConfig.deployDirectory Diretório de instalação da aplicação web [C:\Users\Pichau\Desktop\Facul\teste\Arthur\apache-tomcat-9.0.63-windows-x64 (1)\apache-tomcat-9.0.63\webapps\docs]
02-Aug-2023 21:32:02.902 ADVERTÊNCIA [main] org.apache.catalina.util.SessionIdGeneratorBase.createSecureRandom Creation of SecureRandom instance for session ID generation using [SHA1PRNG] took [154] milliseconds.
02-Aug-2023 21:32:02.926 INFORMAÇÕES [main] org.apache.catalina.startup.HostConfig.deployDirectory Deployment of web application directory [C:\Users\Pichau\Desktop\Facul\teste\Arthur\apache-tomcat-9.0.63-windows-x64 (1)\apache-tomcat-9.0.63\webapps\docs] has finished in [479] ms
02-Aug-2023 21:32:02.927 INFORMAÇÕES [main] org.apache.catalina.startup.HostConfig.deployDirectory Diretório de instalação da aplicação web [C:\Users\Pichau\Desktop\Facul\teste\Arthur\apache-tomcat-9.0.63-windows-x64 (1)\apache-tomcat-9.0.63\webapps\examples]
02-Aug-2023 21:32:03.510 INFORMAÇÕES [main] org.apache.catalina.startup.HostConfig.deployDirectory Deployment of web application directory [C:\Users\Pichau\Desktop\Facul\teste\Arthur\apache-tomcat-9.0.63-windows-x64 (1)\apache-tomcat-9.0.63\webapps\examples] has finished in [584] ms
02-Aug-2023 21:32:03.511 INFORMAÇÕES [main] org.apache.catalina.startup.HostConfig.deployDirectory Diretório de instalação da aplicação web [C:\Users\Pichau\Desktop\Facul\teste\Arthur\apache-tomcat-9.0.63-windows-x64 (1)\apache-tomcat-9.0.63\webapps\host-manager]
02-Aug-2023 21:32:03.567 INFORMAÇÕES [main] org.apache.catalina.startup.HostConfig.deployDirectory Deployment of web application directory [C:\Users\Pichau\Desktop\Facul\teste\Arthur\apache-tomcat-9.0.63-windows-x64 (1)\apache-tomcat-9.0.63\webapps\host-manager] has finished in [56] ms
02-Aug-2023 21:32:03.568 INFORMAÇÕES [main] org.apache.catalina.startup.HostConfig.deployDirectory Diretório de instalação da aplicação web [C:\Users\Pichau\Desktop\Facul\teste\Arthur\apache-tomcat-9.0.63-windows-x64 (1)\apache-tomcat-9.0.63\webapps\manager]
02-Aug-2023 21:32:03.618 INFORMAÇÕES [main] org.apache.catalina.startup.HostConfig.deployDirectory Deployment of web application directory [C:\Users\Pichau\Desktop\Facul\teste\Arthur\apache-tomcat-9.0.63-windows-x64 (1)\apache-tomcat-9.0.63\webapps\manager] has finished in [51] ms
02-Aug-2023 21:32:03.618 INFORMAÇÕES [main] org.apache.catalina.startup.HostConfig.deployDirectory Diretório de instalação da aplicação web [C:\Users\Pichau\Desktop\Facul\teste\Arthur\apache-tomcat-9.0.63-windows-x64 (1)\apache-tomcat-9.0.63\webapps\ROOT]
02-Aug-2023 21:32:03.663 INFORMAÇÕES [main] org.apache.catalina.startup.HostConfig.deployDirectory Deployment of web application directory [C:\Users\Pichau\Desktop\Facul\teste\Arthur\apache-tomcat-9.0.63-windows-x64 (1)\apache-tomcat-9.0.63\webapps\ROOT] has finished in [45] ms
02-Aug-2023 21:32:03.668 INFORMAÇÕES [main] org.apache.coyote.AbstractProtocol.start Starting ProtocolHandler ["http-nio-8080"]
02-Aug-2023 21:32:03.690 INFORMAÇÕES [main] org.apache.catalina.startup.Catalina.start Server startup in [1394] milliseconds
02-Aug-2023 21:37:59.211 INFORMAÇÕES [http-nio-8080-exec-10] org.apache.catalina.startup.HostConfig.undeploy Undeploying context [/Biblioteca]
02-Aug-2023 21:37:59.263 INFORMAÇÕES [http-nio-8080-exec-3] org.apache.catalina.startup.HostConfig.deployDescriptor Deploying deployment descriptor [C:\Users\Pichau\Desktop\Facul\teste\Arthur\apache-tomcat-9.0.63-windows-x64 (1)\apache-tomcat-9.0.63\conf\Catalina\localhost\Biblioteca.xml]
02-Aug-2023 21:37:59.264 ADVERTÊNCIA [http-nio-8080-exec-3] org.apache.catalina.startup.HostConfig.deployDescriptor The path attribute with value [/Biblioteca] in deployment descriptor [C:\Users\Pichau\Desktop\Facul\teste\Arthur\apache-tomcat-9.0.63-windows-x64 (1)\apache-tomcat-9.0.63\conf\Catalina\localhost\Biblioteca.xml] has been ignored
02-Aug-2023 21:38:00.007 INFORMAÇÕES [http-nio-8080-exec-3] org.apache.jasper.servlet.TldScanner.scanJars At least one JAR was scanned for TLDs yet contained no TLDs. Enable debug logging for this logger for a complete list of JARs that were scanned but no TLDs were found in them. Skipping unneeded JARs during scanning can improve startup time and JSP compilation time.
02-Aug-2023 21:38:00.020 INFORMAÇÕES [http-nio-8080-exec-3] org.apache.catalina.startup.HostConfig.deployDescriptor Deployment of deployment descriptor [C:\Users\Pichau\Desktop\Facul\teste\Arthur\apache-tomcat-9.0.63-windows-x64 (1)\apache-tomcat-9.0.63\conf\Catalina\localhost\Biblioteca.xml] has finished in [757] ms
02-Aug-2023 21:38:00.025 INFORMAÇÕES [http-nio-8080-exec-4] org.apache.catalina.util.LifecycleBase.start The start() method was called on component [StandardEngine[Catalina].StandardHost[localhost].StandardContext[/Biblioteca]] after start() had already been called. The second call will be ignored.
02-Aug-2023 22:36:03.145 INFORMAÇÕES [main] org.apache.catalina.core.StandardServer.await A valid shutdown command was received via the shutdown port. Stopping the Server instance.
02-Aug-2023 22:36:03.145 INFORMAÇÕES [main] org.apache.coyote.AbstractProtocol.pause Pausing ProtocolHandler ["http-nio-8080"]
02-Aug-2023 22:36:03.277 INFORMAÇÕES [main] org.apache.catalina.core.StandardService.stopInternal Stopping service [Catalina]
02-Aug-2023 22:36:03.304 INFORMAÇÕES [main] org.apache.coyote.AbstractProtocol.stop Stopping ProtocolHandler ["http-nio-8080"]
02-Aug-2023 22:36:03.312 INFORMAÇÕES [main] org.apache.coyote.AbstractProtocol.destroy Destroying ProtocolHandler ["http-nio-8080"]
