06-Aug-2023 11:15:41.670 INFORMAÇÕES [http-nio-8080-exec-4] org.apache.catalina.core.ApplicationContext.log Manager: init: Associated with Deployer 'Catalina:type=Deployer,host=localhost'
06-Aug-2023 11:15:41.670 INFORMAÇÕES [http-nio-8080-exec-4] org.apache.catalina.core.ApplicationContext.log Manager: init: Global resources are available
06-Aug-2023 11:15:41.727 INFORMAÇÕES [http-nio-8080-exec-9] org.apache.catalina.core.ApplicationContext.log Manager: list: Listing contexts for virtual host 'localhost'
06-Aug-2023 11:15:41.735 INFORMAÇÕES [http-nio-8080-exec-10] org.apache.catalina.core.ApplicationContext.log Manager: list: Listing contexts for virtual host 'localhost'
06-Aug-2023 11:17:09.201 INFORMAÇÕES [http-nio-8080-exec-7] org.apache.catalina.core.ApplicationContext.log Manager: list: Listing contexts for virtual host 'localhost'
06-Aug-2023 11:17:25.410 INFORMAÇÕES [http-nio-8080-exec-4] org.apache.catalina.core.ApplicationContext.log Manager: list: Listing contexts for virtual host 'localhost'
06-Aug-2023 11:19:48.127 INFORMAÇÕES [http-nio-8080-exec-4] org.apache.catalina.core.ApplicationContext.log Manager: list: Listing contexts for virtual host 'localhost'
06-Aug-2023 11:19:56.558 INFORMAÇÕES [http-nio-8080-exec-10] org.apache.catalina.core.ApplicationContext.log Manager: list: Listing contexts for virtual host 'localhost'
06-Aug-2023 11:20:32.824 INFORMAÇÕES [http-nio-8080-exec-10] org.apache.catalina.core.ApplicationContext.log Manager: list: Listing contexts for virtual host 'localhost'
06-Aug-2023 11:58:14.881 INFORMAÇÕES [http-nio-8080-exec-6] org.apache.catalina.core.ApplicationContext.log Manager: list: Listing contexts for virtual host 'localhost'
06-Aug-2023 11:58:29.296 INFORMAÇÕES [http-nio-8080-exec-1] org.apache.catalina.core.ApplicationContext.log Manager: list: Listing contexts for virtual host 'localhost'
06-Aug-2023 11:58:56.692 INFORMAÇÕES [http-nio-8080-exec-7] org.apache.catalina.core.ApplicationContext.log Manager: list: Listing contexts for virtual host 'localhost'
06-Aug-2023 12:00:26.589 INFORMAÇÕES [http-nio-8080-exec-2] org.apache.catalina.core.ApplicationContext.log Manager: list: Listing contexts for virtual host 'localhost'
06-Aug-2023 12:00:36.177 INFORMAÇÕES [http-nio-8080-exec-7] org.apache.catalina.core.ApplicationContext.log Manager: list: Listing contexts for virtual host 'localhost'
06-Aug-2023 12:02:17.899 INFORMAÇÕES [http-nio-8080-exec-2] org.apache.catalina.core.ApplicationContext.log Manager: list: Listing contexts for virtual host 'localhost'
06-Aug-2023 12:06:08.977 INFORMAÇÕES [http-nio-8080-exec-4] org.apache.catalina.core.ApplicationContext.log Manager: list: Listing contexts for virtual host 'localhost'
06-Aug-2023 13:04:20.065 INFORMAÇÕES [http-nio-8080-exec-9] org.apache.catalina.core.ApplicationContext.log Manager: list: Listing contexts for virtual host 'localhost'
06-Aug-2023 13:21:39.390 INFORMAÇÕES [http-nio-8080-exec-4] org.apache.catalina.core.ApplicationContext.log Manager: list: Listing contexts for virtual host 'localhost'
06-Aug-2023 13:21:39.409 INFORMAÇÕES [http-nio-8080-exec-9] org.apache.catalina.core.ApplicationContext.log Manager: restart: Reloading web application '/Loja/index.jsp'
06-Aug-2023 13:23:24.867 INFORMAÇÕES [http-nio-8080-exec-7] org.apache.catalina.core.ApplicationContext.log Manager: list: Listing contexts for virtual host 'localhost'
06-Aug-2023 13:25:18.680 INFORMAÇÕES [http-nio-8080-exec-13] org.apache.catalina.core.ApplicationContext.log Manager: list: Listing contexts for virtual host 'localhost'
06-Aug-2023 13:28:40.691 INFORMAÇÕES [http-nio-8080-exec-14] org.apache.catalina.core.ApplicationContext.log Manager: list: Listing contexts for virtual host 'localhost'
06-Aug-2023 13:28:46.293 INFORMAÇÕES [http-nio-8080-exec-20] org.apache.catalina.core.ApplicationContext.log Manager: list: Listing contexts for virtual host 'localhost'
06-Aug-2023 13:28:49.731 INFORMAÇÕES [http-nio-8080-exec-17] org.apache.catalina.core.ApplicationContext.log Manager: list: Listing contexts for virtual host 'localhost'
06-Aug-2023 13:29:03.032 INFORMAÇÕES [http-nio-8080-exec-11] org.apache.catalina.core.ApplicationContext.log Manager: list: Listing contexts for virtual host 'localhost'
06-Aug-2023 13:30:00.640 INFORMAÇÕES [http-nio-8080-exec-14] org.apache.catalina.core.ApplicationContext.log Manager: list: Listing contexts for virtual host 'localhost'
06-Aug-2023 13:30:21.865 INFORMAÇÕES [http-nio-8080-exec-16] org.apache.catalina.core.ApplicationContext.log Manager: list: Listing contexts for virtual host 'localhost'
06-Aug-2023 13:30:35.748 INFORMAÇÕES [http-nio-8080-exec-15] org.apache.catalina.core.ApplicationContext.log Manager: list: Listing contexts for virtual host 'localhost'
06-Aug-2023 13:30:45.057 INFORMAÇÕES [http-nio-8080-exec-15] org.apache.catalina.core.ApplicationContext.log Manager: list: Listing contexts for virtual host 'localhost'
06-Aug-2023 13:30:51.591 INFORMAÇÕES [http-nio-8080-exec-11] org.apache.catalina.core.ApplicationContext.log Manager: list: Listing contexts for virtual host 'localhost'
06-Aug-2023 13:30:57.025 INFORMAÇÕES [http-nio-8080-exec-20] org.apache.catalina.core.ApplicationContext.log Manager: list: Listing contexts for virtual host 'localhost'
06-Aug-2023 13:33:35.071 INFORMAÇÕES [http-nio-8080-exec-17] org.apache.catalina.core.ApplicationContext.log Manager: list: Listing contexts for virtual host 'localhost'
06-Aug-2023 13:33:47.281 INFORMAÇÕES [http-nio-8080-exec-19] org.apache.catalina.core.ApplicationContext.log Manager: list: Listing contexts for virtual host 'localhost'
06-Aug-2023 13:37:14.419 INFORMAÇÕES [http-nio-8080-exec-13] org.apache.catalina.core.ApplicationContext.log Manager: list: Listing contexts for virtual host 'localhost'
06-Aug-2023 13:37:25.469 INFORMAÇÕES [http-nio-8080-exec-11] org.apache.catalina.core.ApplicationContext.log Manager: list: Listing contexts for virtual host 'localhost'
06-Aug-2023 13:37:28.790 INFORMAÇÕES [http-nio-8080-exec-19] org.apache.catalina.core.ApplicationContext.log Manager: list: Listing contexts for virtual host 'localhost'
06-Aug-2023 13:37:37.608 INFORMAÇÕES [http-nio-8080-exec-19] org.apache.catalina.core.ApplicationContext.log Manager: list: Listing contexts for virtual host 'localhost'
06-Aug-2023 13:37:45.342 INFORMAÇÕES [http-nio-8080-exec-19] org.apache.catalina.core.ApplicationContext.log Manager: list: Listing contexts for virtual host 'localhost'
06-Aug-2023 13:38:05.726 INFORMAÇÕES [http-nio-8080-exec-13] org.apache.catalina.core.ApplicationContext.log Manager: list: Listing contexts for virtual host 'localhost'
06-Aug-2023 13:40:01.650 INFORMAÇÕES [http-nio-8080-exec-19] org.apache.catalina.core.ApplicationContext.log Manager: list: Listing contexts for virtual host 'localhost'
06-Aug-2023 13:40:21.671 INFORMAÇÕES [http-nio-8080-exec-14] org.apache.catalina.core.ApplicationContext.log Manager: list: Listing contexts for virtual host 'localhost'
06-Aug-2023 13:40:35.688 INFORMAÇÕES [http-nio-8080-exec-14] org.apache.catalina.core.ApplicationContext.log Manager: list: Listing contexts for virtual host 'localhost'
06-Aug-2023 13:46:32.264 INFORMAÇÕES [http-nio-8080-exec-18] org.apache.catalina.core.ApplicationContext.log Manager: list: Listing contexts for virtual host 'localhost'
06-Aug-2023 13:46:32.605 INFORMAÇÕES [http-nio-8080-exec-20] org.apache.catalina.core.ApplicationContext.log Manager: list: Listing contexts for virtual host 'localhost'
06-Aug-2023 13:47:41.129 INFORMAÇÕES [http-nio-8080-exec-15] org.apache.catalina.core.ApplicationContext.log Manager: list: Listing contexts for virtual host 'localhost'
06-Aug-2023 13:47:49.298 INFORMAÇÕES [http-nio-8080-exec-12] org.apache.catalina.core.ApplicationContext.log Manager: list: Listing contexts for virtual host 'localhost'
06-Aug-2023 13:48:09.218 INFORMAÇÕES [http-nio-8080-exec-16] org.apache.catalina.core.ApplicationContext.log Manager: list: Listing contexts for virtual host 'localhost'
06-Aug-2023 13:48:18.997 INFORMAÇÕES [http-nio-8080-exec-16] org.apache.catalina.core.ApplicationContext.log Manager: list: Listing contexts for virtual host 'localhost'
06-Aug-2023 16:43:37.592 INFORMAÇÕES [http-nio-8080-exec-4] org.apache.catalina.core.ApplicationContext.log Manager: init: Associated with Deployer 'Catalina:type=Deployer,host=localhost'
06-Aug-2023 16:43:37.592 INFORMAÇÕES [http-nio-8080-exec-4] org.apache.catalina.core.ApplicationContext.log Manager: init: Global resources are available
06-Aug-2023 16:43:37.638 INFORMAÇÕES [http-nio-8080-exec-10] org.apache.catalina.core.ApplicationContext.log Manager: list: Listing contexts for virtual host 'localhost'
06-Aug-2023 16:43:37.644 INFORMAÇÕES [http-nio-8080-exec-9] org.apache.catalina.core.ApplicationContext.log Manager: list: Listing contexts for virtual host 'localhost'
06-Aug-2023 16:43:37.692 INFORMAÇÕES [http-nio-8080-exec-2] org.apache.catalina.core.ApplicationContext.log Manager: restart: Reloading web application '/Loja/index.jsp'
06-Aug-2023 16:44:40.442 INFORMAÇÕES [http-nio-8080-exec-14] org.apache.catalina.core.ApplicationContext.log Manager: list: Listing contexts for virtual host 'localhost'
06-Aug-2023 16:44:43.641 INFORMAÇÕES [http-nio-8080-exec-19] org.apache.catalina.core.ApplicationContext.log Manager: list: Listing contexts for virtual host 'localhost'
06-Aug-2023 16:45:04.820 INFORMAÇÕES [http-nio-8080-exec-16] org.apache.catalina.core.ApplicationContext.log Manager: list: Listing contexts for virtual host 'localhost'
06-Aug-2023 16:45:04.832 INFORMAÇÕES [http-nio-8080-exec-15] org.apache.catalina.core.ApplicationContext.log Manager: restart: Reloading web application '/Loja/index.jsp'
06-Aug-2023 16:45:39.552 INFORMAÇÕES [http-nio-8080-exec-14] org.apache.catalina.core.ApplicationContext.log Manager: list: Listing contexts for virtual host 'localhost'
06-Aug-2023 16:45:39.563 INFORMAÇÕES [http-nio-8080-exec-11] org.apache.catalina.core.ApplicationContext.log Manager: restart: Reloading web application '/Loja/index.jsp'
06-Aug-2023 16:45:58.237 INFORMAÇÕES [http-nio-8080-exec-21] org.apache.catalina.core.ApplicationContext.log Manager: list: Listing contexts for virtual host 'localhost'
06-Aug-2023 16:45:58.245 INFORMAÇÕES [http-nio-8080-exec-18] org.apache.catalina.core.ApplicationContext.log Manager: restart: Reloading web application '/Loja/index.jsp'
06-Aug-2023 16:45:59.034 INFORMAÇÕES [http-nio-8080-exec-13] org.apache.catalina.core.ApplicationContext.log Manager: list: Listing contexts for virtual host 'localhost'
06-Aug-2023 16:45:59.041 INFORMAÇÕES [http-nio-8080-exec-11] org.apache.catalina.core.ApplicationContext.log Manager: restart: Reloading web application '/Loja/index.jsp'
06-Aug-2023 16:46:01.049 INFORMAÇÕES [http-nio-8080-exec-13] org.apache.catalina.core.ApplicationContext.log Manager: list: Listing contexts for virtual host 'localhost'
06-Aug-2023 16:46:01.058 INFORMAÇÕES [http-nio-8080-exec-14] org.apache.catalina.core.ApplicationContext.log Manager: restart: Reloading web application '/Loja/index.jsp'
06-Aug-2023 16:46:04.855 INFORMAÇÕES [http-nio-8080-exec-25] org.apache.catalina.core.ApplicationContext.log Manager: list: Listing contexts for virtual host 'localhost'
06-Aug-2023 16:46:04.863 INFORMAÇÕES [http-nio-8080-exec-12] org.apache.catalina.core.ApplicationContext.log Manager: restart: Reloading web application '/Loja/index.jsp'
06-Aug-2023 16:46:08.852 INFORMAÇÕES [http-nio-8080-exec-19] org.apache.catalina.core.ApplicationContext.log Manager: list: Listing contexts for virtual host 'localhost'
06-Aug-2023 16:46:08.860 INFORMAÇÕES [http-nio-8080-exec-14] org.apache.catalina.core.ApplicationContext.log Manager: restart: Reloading web application '/Loja/index.jsp'
06-Aug-2023 16:46:20.179 INFORMAÇÕES [http-nio-8080-exec-13] org.apache.catalina.core.ApplicationContext.log Manager: list: Listing contexts for virtual host 'localhost'
06-Aug-2023 16:46:20.275 INFORMAÇÕES [http-nio-8080-exec-14] org.apache.catalina.core.ApplicationContext.log Manager: list: Listing contexts for virtual host 'localhost'
06-Aug-2023 16:46:20.740 INFORMAÇÕES [http-nio-8080-exec-18] org.apache.catalina.core.ApplicationContext.log Manager: list: Listing contexts for virtual host 'localhost'
06-Aug-2023 16:46:20.754 INFORMAÇÕES [http-nio-8080-exec-28] org.apache.catalina.core.ApplicationContext.log Manager: restart: Reloading web application '/Loja/index.jsp'
06-Aug-2023 16:46:21.814 INFORMAÇÕES [http-nio-8080-exec-19] org.apache.catalina.core.ApplicationContext.log Manager: list: Listing contexts for virtual host 'localhost'
06-Aug-2023 16:46:21.858 INFORMAÇÕES [http-nio-8080-exec-13] org.apache.catalina.core.ApplicationContext.log Manager: list: Listing contexts for virtual host 'localhost'
06-Aug-2023 16:46:51.212 INFORMAÇÕES [http-nio-8080-exec-19] org.apache.catalina.core.ApplicationContext.log Manager: list: Listing contexts for virtual host 'localhost'
06-Aug-2023 16:47:10.111 INFORMAÇÕES [http-nio-8080-exec-30] org.apache.catalina.core.ApplicationContext.log Manager: list: Listing contexts for virtual host 'localhost'
06-Aug-2023 16:48:29.921 INFORMAÇÕES [http-nio-8080-exec-29] org.apache.catalina.core.ApplicationContext.log Manager: list: Listing contexts for virtual host 'localhost'
06-Aug-2023 16:48:38.939 INFORMAÇÕES [http-nio-8080-exec-35] org.apache.catalina.core.ApplicationContext.log Manager: list: Listing contexts for virtual host 'localhost'
06-Aug-2023 16:48:52.790 INFORMAÇÕES [http-nio-8080-exec-36] org.apache.catalina.core.ApplicationContext.log Manager: list: Listing contexts for virtual host 'localhost'
06-Aug-2023 16:49:00.858 INFORMAÇÕES [http-nio-8080-exec-34] org.apache.catalina.core.ApplicationContext.log Manager: list: Listing contexts for virtual host 'localhost'
06-Aug-2023 16:49:19.567 INFORMAÇÕES [http-nio-8080-exec-33] org.apache.catalina.core.ApplicationContext.log Manager: list: Listing contexts for virtual host 'localhost'
06-Aug-2023 16:49:22.902 INFORMAÇÕES [http-nio-8080-exec-32] org.apache.catalina.core.ApplicationContext.log Manager: list: Listing contexts for virtual host 'localhost'
06-Aug-2023 16:49:43.384 INFORMAÇÕES [http-nio-8080-exec-37] org.apache.catalina.core.ApplicationContext.log Manager: list: Listing contexts for virtual host 'localhost'
06-Aug-2023 16:49:57.926 INFORMAÇÕES [http-nio-8080-exec-37] org.apache.catalina.core.ApplicationContext.log Manager: list: Listing contexts for virtual host 'localhost'
06-Aug-2023 16:49:57.936 INFORMAÇÕES [http-nio-8080-exec-38] org.apache.catalina.core.ApplicationContext.log Manager: restart: Reloading web application '/Loja/index.jsp'
06-Aug-2023 16:50:12.650 INFORMAÇÕES [http-nio-8080-exec-34] org.apache.catalina.core.ApplicationContext.log Manager: list: Listing contexts for virtual host 'localhost'
06-Aug-2023 16:50:14.143 INFORMAÇÕES [http-nio-8080-exec-32] org.apache.catalina.core.ApplicationContext.log Manager: list: Listing contexts for virtual host 'localhost'
06-Aug-2023 16:50:16.253 INFORMAÇÕES [http-nio-8080-exec-39] org.apache.catalina.core.ApplicationContext.log Manager: list: Listing contexts for virtual host 'localhost'
06-Aug-2023 16:51:56.290 INFORMAÇÕES [http-nio-8080-exec-44] org.apache.catalina.core.ApplicationContext.log Manager: list: Listing contexts for virtual host 'localhost'
06-Aug-2023 16:54:52.958 INFORMAÇÕES [http-nio-8080-exec-43] org.apache.catalina.core.ApplicationContext.log Manager: list: Listing contexts for virtual host 'localhost'
06-Aug-2023 16:55:20.544 INFORMAÇÕES [http-nio-8080-exec-47] org.apache.catalina.core.ApplicationContext.log Manager: list: Listing contexts for virtual host 'localhost'
06-Aug-2023 16:57:49.017 INFORMAÇÕES [http-nio-8080-exec-44] org.apache.catalina.core.ApplicationContext.log Manager: list: Listing contexts for virtual host 'localhost'
06-Aug-2023 17:00:26.252 INFORMAÇÕES [http-nio-8080-exec-46] org.apache.catalina.core.ApplicationContext.log Manager: list: Listing contexts for virtual host 'localhost'
06-Aug-2023 17:00:47.230 INFORMAÇÕES [http-nio-8080-exec-45] org.apache.catalina.core.ApplicationContext.log Manager: list: Listing contexts for virtual host 'localhost'
06-Aug-2023 17:01:25.953 INFORMAÇÕES [http-nio-8080-exec-41] org.apache.catalina.core.ApplicationContext.log Manager: list: Listing contexts for virtual host 'localhost'
06-Aug-2023 17:01:58.703 INFORMAÇÕES [http-nio-8080-exec-44] org.apache.catalina.core.ApplicationContext.log Manager: list: Listing contexts for virtual host 'localhost'
06-Aug-2023 17:02:01.327 INFORMAÇÕES [http-nio-8080-exec-45] org.apache.catalina.core.ApplicationContext.log Manager: list: Listing contexts for virtual host 'localhost'
06-Aug-2023 17:02:44.837 INFORMAÇÕES [http-nio-8080-exec-47] org.apache.catalina.core.ApplicationContext.log Manager: list: Listing contexts for virtual host 'localhost'
06-Aug-2023 17:03:01.321 INFORMAÇÕES [http-nio-8080-exec-48] org.apache.catalina.core.ApplicationContext.log Manager: list: Listing contexts for virtual host 'localhost'
06-Aug-2023 17:03:56.283 INFORMAÇÕES [http-nio-8080-exec-41] org.apache.catalina.core.ApplicationContext.log Manager: list: Listing contexts for virtual host 'localhost'
06-Aug-2023 17:05:13.965 INFORMAÇÕES [http-nio-8080-exec-41] org.apache.catalina.core.ApplicationContext.log Manager: list: Listing contexts for virtual host 'localhost'
06-Aug-2023 17:06:30.925 INFORMAÇÕES [http-nio-8080-exec-47] org.apache.catalina.core.ApplicationContext.log Manager: list: Listing contexts for virtual host 'localhost'
06-Aug-2023 17:06:30.933 INFORMAÇÕES [http-nio-8080-exec-44] org.apache.catalina.core.ApplicationContext.log Manager: restart: Reloading web application '/Loja/index.jsp'
06-Aug-2023 17:06:41.624 INFORMAÇÕES [http-nio-8080-exec-40] org.apache.catalina.core.ApplicationContext.log Manager: list: Listing contexts for virtual host 'localhost'
06-Aug-2023 17:06:53.315 INFORMAÇÕES [http-nio-8080-exec-50] org.apache.catalina.core.ApplicationContext.log Manager: list: Listing contexts for virtual host 'localhost'
06-Aug-2023 17:06:53.325 INFORMAÇÕES [http-nio-8080-exec-41] org.apache.catalina.core.ApplicationContext.log Manager: restart: Reloading web application '/Loja/index.jsp'
06-Aug-2023 17:07:20.125 INFORMAÇÕES [http-nio-8080-exec-39] org.apache.catalina.core.ApplicationContext.log Manager: list: Listing contexts for virtual host 'localhost'
06-Aug-2023 17:07:33.440 INFORMAÇÕES [http-nio-8080-exec-49] org.apache.catalina.core.ApplicationContext.log Manager: list: Listing contexts for virtual host 'localhost'
06-Aug-2023 17:08:05.378 INFORMAÇÕES [http-nio-8080-exec-45] org.apache.catalina.core.ApplicationContext.log Manager: list: Listing contexts for virtual host 'localhost'
06-Aug-2023 17:08:54.144 INFORMAÇÕES [http-nio-8080-exec-54] org.apache.catalina.core.ApplicationContext.log Manager: list: Listing contexts for virtual host 'localhost'
06-Aug-2023 17:09:49.495 INFORMAÇÕES [http-nio-8080-exec-54] org.apache.catalina.core.ApplicationContext.log Manager: list: Listing contexts for virtual host 'localhost'
06-Aug-2023 17:11:17.690 INFORMAÇÕES [http-nio-8080-exec-56] org.apache.catalina.core.ApplicationContext.log Manager: list: Listing contexts for virtual host 'localhost'
06-Aug-2023 17:11:35.050 INFORMAÇÕES [http-nio-8080-exec-60] org.apache.catalina.core.ApplicationContext.log Manager: list: Listing contexts for virtual host 'localhost'
06-Aug-2023 17:11:58.135 INFORMAÇÕES [http-nio-8080-exec-52] org.apache.catalina.core.ApplicationContext.log Manager: list: Listing contexts for virtual host 'localhost'
06-Aug-2023 17:12:10.034 INFORMAÇÕES [http-nio-8080-exec-57] org.apache.catalina.core.ApplicationContext.log Manager: list: Listing contexts for virtual host 'localhost'
06-Aug-2023 17:12:16.943 INFORMAÇÕES [http-nio-8080-exec-56] org.apache.catalina.core.ApplicationContext.log Manager: list: Listing contexts for virtual host 'localhost'
06-Aug-2023 17:13:08.064 INFORMAÇÕES [http-nio-8080-exec-56] org.apache.catalina.core.ApplicationContext.log Manager: list: Listing contexts for virtual host 'localhost'
06-Aug-2023 17:13:08.072 INFORMAÇÕES [http-nio-8080-exec-60] org.apache.catalina.core.ApplicationContext.log Manager: restart: Reloading web application '/Loja/index.jsp'
06-Aug-2023 17:14:52.595 INFORMAÇÕES [http-nio-8080-exec-53] org.apache.catalina.core.ApplicationContext.log Manager: list: Listing contexts for virtual host 'localhost'
06-Aug-2023 17:16:05.960 INFORMAÇÕES [http-nio-8080-exec-63] org.apache.catalina.core.ApplicationContext.log Manager: list: Listing contexts for virtual host 'localhost'
06-Aug-2023 17:18:06.697 INFORMAÇÕES [http-nio-8080-exec-63] org.apache.catalina.core.ApplicationContext.log Manager: list: Listing contexts for virtual host 'localhost'
06-Aug-2023 17:18:50.020 INFORMAÇÕES [http-nio-8080-exec-62] org.apache.catalina.core.ApplicationContext.log Manager: list: Listing contexts for virtual host 'localhost'
06-Aug-2023 17:18:53.097 INFORMAÇÕES [http-nio-8080-exec-70] org.apache.catalina.core.ApplicationContext.log Manager: list: Listing contexts for virtual host 'localhost'
06-Aug-2023 17:20:32.550 INFORMAÇÕES [http-nio-8080-exec-66] org.apache.catalina.core.ApplicationContext.log Manager: list: Listing contexts for virtual host 'localhost'
06-Aug-2023 17:20:52.797 INFORMAÇÕES [http-nio-8080-exec-66] org.apache.catalina.core.ApplicationContext.log Manager: list: Listing contexts for virtual host 'localhost'
06-Aug-2023 17:21:03.176 INFORMAÇÕES [http-nio-8080-exec-68] org.apache.catalina.core.ApplicationContext.log Manager: list: Listing contexts for virtual host 'localhost'
06-Aug-2023 17:21:37.208 INFORMAÇÕES [http-nio-8080-exec-65] org.apache.catalina.core.ApplicationContext.log Manager: list: Listing contexts for virtual host 'localhost'
06-Aug-2023 21:19:19.617 INFORMAÇÕES [http-nio-8080-exec-66] org.apache.catalina.core.ApplicationContext.log Manager: list: Listing contexts for virtual host 'localhost'
06-Aug-2023 21:19:19.634 INFORMAÇÕES [http-nio-8080-exec-63] org.apache.catalina.core.ApplicationContext.log Manager: restart: Reloading web application '/Loja/index.jsp'
06-Aug-2023 21:19:20.588 INFORMAÇÕES [http-nio-8080-exec-62] org.apache.catalina.core.ApplicationContext.log Manager: list: Listing contexts for virtual host 'localhost'
06-Aug-2023 21:19:20.600 INFORMAÇÕES [http-nio-8080-exec-66] org.apache.catalina.core.ApplicationContext.log Manager: restart: Reloading web application '/Loja/index.jsp'
06-Aug-2023 21:19:29.010 INFORMAÇÕES [http-nio-8080-exec-71] org.apache.catalina.core.ApplicationContext.log Manager: list: Listing contexts for virtual host 'localhost'
06-Aug-2023 21:19:29.024 INFORMAÇÕES [http-nio-8080-exec-70] org.apache.catalina.core.ApplicationContext.log Manager: restart: Reloading web application '/Loja/index.jsp'
06-Aug-2023 21:19:29.774 INFORMAÇÕES [http-nio-8080-exec-62] org.apache.catalina.core.ApplicationContext.log Manager: list: Listing contexts for virtual host 'localhost'
06-Aug-2023 21:19:29.784 INFORMAÇÕES [http-nio-8080-exec-64] org.apache.catalina.core.ApplicationContext.log Manager: restart: Reloading web application '/Loja/index.jsp'
06-Aug-2023 21:19:35.923 INFORMAÇÕES [http-nio-8080-exec-71] org.apache.catalina.core.ApplicationContext.log Manager: list: Listing contexts for virtual host 'localhost'
06-Aug-2023 21:19:35.935 INFORMAÇÕES [http-nio-8080-exec-65] org.apache.catalina.core.ApplicationContext.log Manager: restart: Reloading web application '/Loja/index.jsp'
06-Aug-2023 21:19:36.937 INFORMAÇÕES [http-nio-8080-exec-71] org.apache.catalina.core.ApplicationContext.log Manager: list: Listing contexts for virtual host 'localhost'
06-Aug-2023 21:19:37.165 INFORMAÇÕES [http-nio-8080-exec-72] org.apache.catalina.core.ApplicationContext.log Manager: list: Listing contexts for virtual host 'localhost'
06-Aug-2023 21:19:37.175 INFORMAÇÕES [http-nio-8080-exec-69] org.apache.catalina.core.ApplicationContext.log Manager: restart: Reloading web application '/Loja/index.jsp'
06-Aug-2023 21:19:37.973 INFORMAÇÕES [http-nio-8080-exec-65] org.apache.catalina.core.ApplicationContext.log Manager: list: Listing contexts for virtual host 'localhost'
06-Aug-2023 21:19:37.981 INFORMAÇÕES [http-nio-8080-exec-71] org.apache.catalina.core.ApplicationContext.log Manager: restart: Reloading web application '/Loja/index.jsp'
06-Aug-2023 21:22:56.859 INFORMAÇÕES [http-nio-8080-exec-81] org.apache.catalina.core.ApplicationContext.log Manager: list: Listing contexts for virtual host 'localhost'
06-Aug-2023 21:22:56.870 INFORMAÇÕES [http-nio-8080-exec-86] org.apache.catalina.core.ApplicationContext.log Manager: restart: Reloading web application '/Loja/index.jsp'
06-Aug-2023 21:23:15.911 INFORMAÇÕES [http-nio-8080-exec-84] org.apache.catalina.core.ApplicationContext.log Manager: list: Listing contexts for virtual host 'localhost'
06-Aug-2023 21:23:15.921 INFORMAÇÕES [http-nio-8080-exec-85] org.apache.catalina.core.ApplicationContext.log Manager: restart: Reloading web application '/Loja/index.jsp'
06-Aug-2023 21:27:02.537 INFORMAÇÕES [http-nio-8080-exec-91] org.apache.catalina.core.ApplicationContext.log Manager: list: Listing contexts for virtual host 'localhost'
06-Aug-2023 21:27:02.547 INFORMAÇÕES [http-nio-8080-exec-90] org.apache.catalina.core.ApplicationContext.log Manager: restart: Reloading web application '/Loja/index.jsp'
06-Aug-2023 21:32:10.352 INFORMAÇÕES [http-nio-8080-exec-98] org.apache.catalina.core.ApplicationContext.log Manager: list: Listing contexts for virtual host 'localhost'
06-Aug-2023 21:32:54.085 INFORMAÇÕES [http-nio-8080-exec-1] org.apache.catalina.core.ApplicationContext.log Manager: init: Associated with Deployer 'Catalina:type=Deployer,host=localhost'
06-Aug-2023 21:32:54.085 INFORMAÇÕES [http-nio-8080-exec-1] org.apache.catalina.core.ApplicationContext.log Manager: init: Global resources are available
06-Aug-2023 21:32:54.928 INFORMAÇÕES [http-nio-8080-exec-7] org.apache.catalina.core.ApplicationContext.log Manager: list: Listing contexts for virtual host 'localhost'
06-Aug-2023 21:32:54.944 INFORMAÇÕES [http-nio-8080-exec-4] org.apache.catalina.core.ApplicationContext.log Manager: list: Listing contexts for virtual host 'localhost'
06-Aug-2023 21:32:54.964 INFORMAÇÕES [http-nio-8080-exec-8] org.apache.catalina.core.ApplicationContext.log Manager: undeploy: Undeploying web application at '/Loja/index.jsp'
06-Aug-2023 21:32:55.547 INFORMAÇÕES [http-nio-8080-exec-1] org.apache.catalina.core.ApplicationContext.log Manager: install: Installing context configuration at 'file:/C:/Users/Pichau/AppData/Local/Temp/context2972355166968962484.xml'
06-Aug-2023 21:32:56.364 INFORMAÇÕES [http-nio-8080-exec-4] org.apache.catalina.core.ApplicationContext.log Manager: start: Starting web application '/Loja/index.jsp'
06-Aug-2023 22:44:07.348 INFORMAÇÕES [http-nio-8080-exec-1] org.apache.catalina.core.ApplicationContext.log Manager: init: Associated with Deployer 'Catalina:type=Deployer,host=localhost'
06-Aug-2023 22:44:07.348 INFORMAÇÕES [http-nio-8080-exec-1] org.apache.catalina.core.ApplicationContext.log Manager: init: Global resources are available
06-Aug-2023 22:44:07.652 INFORMAÇÕES [http-nio-8080-exec-9] org.apache.catalina.core.ApplicationContext.log Manager: list: Listing contexts for virtual host 'localhost'
06-Aug-2023 22:44:07.659 INFORMAÇÕES [http-nio-8080-exec-4] org.apache.catalina.core.ApplicationContext.log Manager: list: Listing contexts for virtual host 'localhost'
06-Aug-2023 22:44:07.671 INFORMAÇÕES [http-nio-8080-exec-7] org.apache.catalina.core.ApplicationContext.log Manager: undeploy: Undeploying web application at '/Loja/index.jsp'
06-Aug-2023 22:44:08.224 INFORMAÇÕES [http-nio-8080-exec-4] org.apache.catalina.core.ApplicationContext.log Manager: install: Installing context configuration at 'file:/C:/Users/Pichau/AppData/Local/Temp/context3000211338717215862.xml'
06-Aug-2023 22:44:09.703 INFORMAÇÕES [http-nio-8080-exec-8] org.apache.catalina.core.ApplicationContext.log Manager: start: Starting web application '/Loja/index.jsp'
06-Aug-2023 23:01:46.227 INFORMAÇÕES [http-nio-8080-exec-2] org.apache.catalina.core.ApplicationContext.log Manager: init: Associated with Deployer 'Catalina:type=Deployer,host=localhost'
06-Aug-2023 23:01:46.227 INFORMAÇÕES [http-nio-8080-exec-2] org.apache.catalina.core.ApplicationContext.log Manager: init: Global resources are available
06-Aug-2023 23:01:46.245 INFORMAÇÕES [http-nio-8080-exec-10] org.apache.catalina.core.ApplicationContext.log Manager: list: Listing contexts for virtual host 'localhost'
06-Aug-2023 23:01:46.249 INFORMAÇÕES [http-nio-8080-exec-5] org.apache.catalina.core.ApplicationContext.log Manager: list: Listing contexts for virtual host 'localhost'
06-Aug-2023 23:01:46.292 INFORMAÇÕES [http-nio-8080-exec-9] org.apache.catalina.core.ApplicationContext.log Manager: restart: Reloading web application '/Loja/index.jsp'
06-Aug-2023 23:05:40.405 INFORMAÇÕES [http-nio-8080-exec-15] org.apache.catalina.core.ApplicationContext.log Manager: list: Listing contexts for virtual host 'localhost'
06-Aug-2023 23:07:28.452 INFORMAÇÕES [http-nio-8080-exec-13] org.apache.catalina.core.ApplicationContext.log Manager: list: Listing contexts for virtual host 'localhost'
06-Aug-2023 23:07:28.464 INFORMAÇÕES [http-nio-8080-exec-15] org.apache.catalina.core.ApplicationContext.log Manager: restart: Reloading web application '/Loja/index.jsp'
06-Aug-2023 23:09:10.508 INFORMAÇÕES [http-nio-8080-exec-2] org.apache.catalina.core.ApplicationContext.log Manager: init: Associated with Deployer 'Catalina:type=Deployer,host=localhost'
06-Aug-2023 23:09:10.508 INFORMAÇÕES [http-nio-8080-exec-2] org.apache.catalina.core.ApplicationContext.log Manager: init: Global resources are available
06-Aug-2023 23:09:10.528 INFORMAÇÕES [http-nio-8080-exec-10] org.apache.catalina.core.ApplicationContext.log Manager: list: Listing contexts for virtual host 'localhost'
06-Aug-2023 23:09:10.534 INFORMAÇÕES [http-nio-8080-exec-4] org.apache.catalina.core.ApplicationContext.log Manager: list: Listing contexts for virtual host 'localhost'
06-Aug-2023 23:09:10.581 INFORMAÇÕES [http-nio-8080-exec-9] org.apache.catalina.core.ApplicationContext.log Manager: restart: Reloading web application '/Loja/index.jsp'
06-Aug-2023 23:14:22.758 INFORMAÇÕES [http-nio-8080-exec-12] org.apache.catalina.core.ApplicationContext.log Manager: list: Listing contexts for virtual host 'localhost'
06-Aug-2023 23:15:53.603 INFORMAÇÕES [http-nio-8080-exec-15] org.apache.catalina.core.ApplicationContext.log Manager: list: Listing contexts for virtual host 'localhost'
06-Aug-2023 23:15:53.616 INFORMAÇÕES [http-nio-8080-exec-16] org.apache.catalina.core.ApplicationContext.log Manager: restart: Reloading web application '/Loja/index.jsp'
06-Aug-2023 23:15:54.707 INFORMAÇÕES [http-nio-8080-exec-20] org.apache.catalina.core.ApplicationContext.log Manager: list: Listing contexts for virtual host 'localhost'
06-Aug-2023 23:15:54.720 INFORMAÇÕES [http-nio-8080-exec-17] org.apache.catalina.core.ApplicationContext.log Manager: restart: Reloading web application '/Loja/index.jsp'
06-Aug-2023 23:15:57.766 INFORMAÇÕES [http-nio-8080-exec-20] org.apache.catalina.core.ApplicationContext.log Manager: list: Listing contexts for virtual host 'localhost'
06-Aug-2023 23:15:57.775 INFORMAÇÕES [http-nio-8080-exec-11] org.apache.catalina.core.ApplicationContext.log Manager: restart: Reloading web application '/Loja/index.jsp'
06-Aug-2023 23:15:58.620 INFORMAÇÕES [http-nio-8080-exec-14] org.apache.catalina.core.ApplicationContext.log Manager: list: Listing contexts for virtual host 'localhost'
06-Aug-2023 23:15:58.628 INFORMAÇÕES [http-nio-8080-exec-20] org.apache.catalina.core.ApplicationContext.log Manager: restart: Reloading web application '/Loja/index.jsp'
06-Aug-2023 23:16:36.706 INFORMAÇÕES [http-nio-8080-exec-12] org.apache.catalina.core.ApplicationContext.log Manager: list: Listing contexts for virtual host 'localhost'
06-Aug-2023 23:16:36.718 INFORMAÇÕES [http-nio-8080-exec-23] org.apache.catalina.core.ApplicationContext.log Manager: restart: Reloading web application '/Loja/index.jsp'
06-Aug-2023 23:16:37.483 INFORMAÇÕES [http-nio-8080-exec-14] org.apache.catalina.core.ApplicationContext.log Manager: list: Listing contexts for virtual host 'localhost'
06-Aug-2023 23:16:37.493 INFORMAÇÕES [http-nio-8080-exec-24] org.apache.catalina.core.ApplicationContext.log Manager: restart: Reloading web application '/Loja/index.jsp'
06-Aug-2023 23:19:21.016 INFORMAÇÕES [http-nio-8080-exec-13] org.apache.catalina.core.ApplicationContext.log Manager: list: Listing contexts for virtual host 'localhost'
06-Aug-2023 23:19:21.029 INFORMAÇÕES [http-nio-8080-exec-29] org.apache.catalina.core.ApplicationContext.log Manager: restart: Reloading web application '/Loja/index.jsp'
06-Aug-2023 23:20:46.179 INFORMAÇÕES [http-nio-8080-exec-25] org.apache.catalina.core.ApplicationContext.log Manager: list: Listing contexts for virtual host 'localhost'
06-Aug-2023 23:20:46.191 INFORMAÇÕES [http-nio-8080-exec-28] org.apache.catalina.core.ApplicationContext.log Manager: restart: Reloading web application '/Loja/index.jsp'
06-Aug-2023 23:21:01.319 INFORMAÇÕES [http-nio-8080-exec-25] org.apache.catalina.core.ApplicationContext.log Manager: list: Listing contexts for virtual host 'localhost'
06-Aug-2023 23:21:01.329 INFORMAÇÕES [http-nio-8080-exec-12] org.apache.catalina.core.ApplicationContext.log Manager: restart: Reloading web application '/Loja/index.jsp'
06-Aug-2023 23:21:30.128 INFORMAÇÕES [http-nio-8080-exec-26] org.apache.catalina.core.ApplicationContext.log Manager: list: Listing contexts for virtual host 'localhost'
06-Aug-2023 23:21:30.138 INFORMAÇÕES [http-nio-8080-exec-13] org.apache.catalina.core.ApplicationContext.log Manager: restart: Reloading web application '/Loja/index.jsp'
06-Aug-2023 23:21:56.619 INFORMAÇÕES [http-nio-8080-exec-14] org.apache.catalina.core.ApplicationContext.log Manager: list: Listing contexts for virtual host 'localhost'
06-Aug-2023 23:21:56.630 INFORMAÇÕES [http-nio-8080-exec-33] org.apache.catalina.core.ApplicationContext.log Manager: restart: Reloading web application '/Loja/index.jsp'
06-Aug-2023 23:22:38.420 INFORMAÇÕES [http-nio-8080-exec-25] org.apache.catalina.core.ApplicationContext.log Manager: list: Listing contexts for virtual host 'localhost'
06-Aug-2023 23:22:38.432 INFORMAÇÕES [http-nio-8080-exec-12] org.apache.catalina.core.ApplicationContext.log Manager: restart: Reloading web application '/Loja/index.jsp'
06-Aug-2023 23:22:39.289 INFORMAÇÕES [http-nio-8080-exec-30] org.apache.catalina.core.ApplicationContext.log Manager: list: Listing contexts for virtual host 'localhost'
06-Aug-2023 23:22:39.298 INFORMAÇÕES [http-nio-8080-exec-35] org.apache.catalina.core.ApplicationContext.log Manager: restart: Reloading web application '/Loja/index.jsp'
06-Aug-2023 23:23:17.498 INFORMAÇÕES [http-nio-8080-exec-33] org.apache.catalina.core.ApplicationContext.log Manager: list: Listing contexts for virtual host 'localhost'
06-Aug-2023 23:23:17.507 INFORMAÇÕES [http-nio-8080-exec-25] org.apache.catalina.core.ApplicationContext.log Manager: restart: Reloading web application '/Loja/index.jsp'
06-Aug-2023 23:26:02.684 INFORMAÇÕES [http-nio-8080-exec-29] org.apache.catalina.core.ApplicationContext.log Manager: list: Listing contexts for virtual host 'localhost'
06-Aug-2023 23:26:02.696 INFORMAÇÕES [http-nio-8080-exec-13] org.apache.catalina.core.ApplicationContext.log Manager: restart: Reloading web application '/Loja/index.jsp'
06-Aug-2023 23:26:23.206 INFORMAÇÕES [http-nio-8080-exec-39] org.apache.catalina.core.ApplicationContext.log Manager: list: Listing contexts for virtual host 'localhost'
06-Aug-2023 23:26:23.215 INFORMAÇÕES [http-nio-8080-exec-40] org.apache.catalina.core.ApplicationContext.log Manager: restart: Reloading web application '/Loja/index.jsp'
06-Aug-2023 23:26:27.831 INFORMAÇÕES [http-nio-8080-exec-25] org.apache.catalina.core.ApplicationContext.log Manager: list: Listing contexts for virtual host 'localhost'
06-Aug-2023 23:26:27.842 INFORMAÇÕES [http-nio-8080-exec-41] org.apache.catalina.core.ApplicationContext.log Manager: restart: Reloading web application '/Loja/index.jsp'
06-Aug-2023 23:26:34.899 INFORMAÇÕES [http-nio-8080-exec-40] org.apache.catalina.core.ApplicationContext.log Manager: list: Listing contexts for virtual host 'localhost'
06-Aug-2023 23:26:34.909 INFORMAÇÕES [http-nio-8080-exec-42] org.apache.catalina.core.ApplicationContext.log Manager: restart: Reloading web application '/Loja/index.jsp'
06-Aug-2023 23:26:44.002 INFORMAÇÕES [http-nio-8080-exec-40] org.apache.catalina.core.ApplicationContext.log Manager: list: Listing contexts for virtual host 'localhost'
06-Aug-2023 23:26:44.011 INFORMAÇÕES [http-nio-8080-exec-41] org.apache.catalina.core.ApplicationContext.log Manager: restart: Reloading web application '/Loja/index.jsp'
06-Aug-2023 23:26:44.833 INFORMAÇÕES [http-nio-8080-exec-43] org.apache.catalina.core.ApplicationContext.log Manager: list: Listing contexts for virtual host 'localhost'
06-Aug-2023 23:26:44.842 INFORMAÇÕES [http-nio-8080-exec-38] org.apache.catalina.core.ApplicationContext.log Manager: restart: Reloading web application '/Loja/index.jsp'
06-Aug-2023 23:27:54.740 INFORMAÇÕES [http-nio-8080-exec-44] org.apache.catalina.core.ApplicationContext.log Manager: list: Listing contexts for virtual host 'localhost'
06-Aug-2023 23:27:54.751 INFORMAÇÕES [http-nio-8080-exec-37] org.apache.catalina.core.ApplicationContext.log Manager: restart: Reloading web application '/Loja/index.jsp'
06-Aug-2023 23:28:20.282 INFORMAÇÕES [http-nio-8080-exec-46] org.apache.catalina.core.ApplicationContext.log Manager: list: Listing contexts for virtual host 'localhost'
06-Aug-2023 23:28:20.293 INFORMAÇÕES [http-nio-8080-exec-42] org.apache.catalina.core.ApplicationContext.log Manager: restart: Reloading web application '/Loja/index.jsp'
06-Aug-2023 23:31:30.083 INFORMAÇÕES [http-nio-8080-exec-45] org.apache.catalina.core.ApplicationContext.log Manager: list: Listing contexts for virtual host 'localhost'
06-Aug-2023 23:31:30.094 INFORMAÇÕES [http-nio-8080-exec-52] org.apache.catalina.core.ApplicationContext.log Manager: restart: Reloading web application '/Loja/index.jsp'
06-Aug-2023 23:34:28.194 INFORMAÇÕES [http-nio-8080-exec-4] org.apache.catalina.core.ApplicationContext.log Manager: init: Associated with Deployer 'Catalina:type=Deployer,host=localhost'
06-Aug-2023 23:34:28.194 INFORMAÇÕES [http-nio-8080-exec-4] org.apache.catalina.core.ApplicationContext.log Manager: init: Global resources are available
06-Aug-2023 23:34:28.227 INFORMAÇÕES [http-nio-8080-exec-9] org.apache.catalina.core.ApplicationContext.log Manager: list: Listing contexts for virtual host 'localhost'
06-Aug-2023 23:34:28.243 INFORMAÇÕES [http-nio-8080-exec-10] org.apache.catalina.core.ApplicationContext.log Manager: undeploy: Undeploying web application at '/Loja/index.jsp'
06-Aug-2023 23:34:28.789 INFORMAÇÕES [http-nio-8080-exec-8] org.apache.catalina.core.ApplicationContext.log Manager: install: Installing context configuration at 'file:/C:/Users/Pichau/AppData/Local/Temp/context6287612647174243258.xml'
06-Aug-2023 23:34:29.395 INFORMAÇÕES [http-nio-8080-exec-7] org.apache.catalina.core.ApplicationContext.log Manager: start: Starting web application '/Loja/index.jsp'
